Enter server IP: Initial hashes stored.

Choose an option:
1. Query hash
2. Download file
3. Exit
Enter choice (1, 2 or 3): Enter hash to query: IPs for hash 123 : []

Choose an option:
1. Query hash
2. Download file
3. Exit
Enter choice (1, 2 or 3): Enter hash to query: Server is listening on port 9091...
IPs for hash 123 : []

Choose an option:
1. Query hash
2. Download file
3. Exit
Enter choice (1, 2 or 3): Enter hash to query: IPs for hash 123 : []

Choose an option:
1. Query hash
2. Download file
3. Exit
Enter choice (1, 2 or 3): Enter hash to query: IPs for hash 123 : []

Choose an option:
1. Query hash
2. Download file
3. Exit
Enter choice (1, 2 or 3): Enter hash to query: IPs for hash 123 : []

Choose an option:
1. Query hash
2. Download file
3. Exit
Enter choice (1, 2 or 3): Enter hash to query: IPs for hash 123 : []

Choose an option:
1. Query hash
2. Download file
3. Exit
Enter choice (1, 2 or 3): Enter hash to query: IPs for hash 123 : []

Choose an option:
1. Query hash
2. Download file
3. Exit
Enter choice (1, 2 or 3): Enter hash to query: IPs for hash 123 : []

Choose an option:
1. Query hash
2. Download file
3. Exit
Enter choice (1, 2 or 3): Enter hash to query: IPs for hash 123 : []

Choose an option:
1. Query hash
2. Download file
3. Exit
Enter choice (1, 2 or 3): Enter hash to query: IPs for hash 123 : []

Choose an option:
1. Query hash
2. Download file
3. Exit
Enter choice (1, 2 or 3): Enter hash to query: IPs for hash 123 : []

Choose an option:
1. Query hash
2. Download file
3. Exit
Enter choice (1, 2 or 3): Enter hash to query: IPs for hash 123 : []

Choose an option:
1. Query hash
2. Download file
3. Exit
Enter choice (1, 2 or 3): Enter hash to query: IPs for hash 123 : []

Choose an option:
1. Query hash
2. Download file
3. Exit
Enter choice (1, 2 or 3): Enter hash to query: IPs for hash 123 : []

Choose an option:
1. Query hash
2. Download file
3. Exit
Enter choice (1, 2 or 3): Enter hash to query: IPs for hash 123 : []

Choose an option:
1. Query hash
2. Download file
3. Exit
Enter choice (1, 2 or 3): Enter hash to query: IPs for hash 123 : []

Choose an option:
1. Query hash
2. Download file
3. Exit
Enter choice (1, 2 or 3): Enter hash to query: IPs for hash 123 : []

Choose an option:
1. Query hash
2. Download file
3. Exit
Enter choice (1, 2 or 3): Enter hash to query: IPs for hash 123 : []

Choose an option:
1. Query hash
2. Download file
3. Exit
Enter choice (1, 2 or 3): Enter hash to query: IPs for hash 123 : []

Choose an option:
1. Query hash
2. Download file
3. Exit
Enter choice (1, 2 or 3): Enter hash to query: IPs for hash 123 : []

Choose an option:
1. Query hash
2. Download file
3. Exit
Enter choice (1, 2 or 3): Enter hash to query: IPs for hash 123 : []

Choose an option:
1. Query hash
2. Download file
3. Exit
Enter choice (1, 2 or 3): Enter hash to query: IPs for hash 123 : []

Choose an option:
1. Query hash
2. Download file
3. Exit
Enter choice (1, 2 or 3): Enter hash to query: IPs for hash 123 : []

Choose an option:
1. Query hash
2. Download file
3. Exit
Enter choice (1, 2 or 3): Enter hash to query: IPs for hash 123 : []

Choose an option:
1. Query hash
2. Download file
3. Exit
Enter choice (1, 2 or 3): Enter hash to query: IPs for hash 123 : []

Choose an option:
1. Query hash
2. Download file
3. Exit
Enter choice (1, 2 or 3): Enter hash to query: IPs for hash 123 : []

Choose an option:
1. Query hash
2. Download file
3. Exit
Enter choice (1, 2 or 3): Enter hash to query: IPs for hash 123 : []

Choose an option:
1. Query hash
2. Download file
3. Exit
Enter choice (1, 2 or 3): Enter hash to query: IPs for hash 123 : []

Choose an option:
1. Query hash
2. Download file
3. Exit
Enter choice (1, 2 or 3): Enter hash to query: IPs for hash 123 : []

Choose an option:
1. Query hash
2. Download file
3. Exit
Enter choice (1, 2 or 3): Enter hash to query: IPs for hash 123 : []

Choose an option:
1. Query hash
2. Download file
3. Exit
Enter choice (1, 2 or 3): Enter hash to query: IPs for hash 123 : []

Choose an option:
1. Query hash
2. Download file
3. Exit
Enter choice (1, 2 or 3): Enter hash to query: IPs for hash 123 : []

Choose an option:
1. Query hash
2. Download file
3. Exit
Enter choice (1, 2 or 3): Enter hash to query: IPs for hash 123 : []

Choose an option:
1. Query hash
2. Download file
3. Exit
Enter choice (1, 2 or 3): Enter hash to query: IPs for hash 123 : []

Choose an option:
1. Query hash
2. Download file
3. Exit
Enter choice (1, 2 or 3): Enter hash to query: IPs for hash 123 : []

Choose an option:
1. Query hash
2. Download file
3. Exit
Enter choice (1, 2 or 3): Enter hash to query: IPs for hash 123 : []

Choose an option:
1. Query hash
2. Download file
3. Exit
Enter choice (1, 2 or 3): Enter hash to query: IPs for hash 123 : []

Choose an option:
1. Query hash
2. Download file
3. Exit
Enter choice (1, 2 or 3): Enter hash to query: IPs for hash 123 : []

Choose an option:
1. Query hash
2. Download file
3. Exit
Enter choice (1, 2 or 3): Enter hash to query: IPs for hash 123 : []

Choose an option:
1. Query hash
2. Download file
3. Exit
Enter choice (1, 2 or 3): Enter hash to query: IPs for hash 123 : []

Choose an option:
1. Query hash
2. Download file
3. Exit
Enter choice (1, 2 or 3): Enter hash to query: IPs for hash 123 : []

Choose an option:
1. Query hash
2. Download file
3. Exit
Enter choice (1, 2 or 3): Enter hash to query: IPs for hash 123 : []

Choose an option:
1. Query hash
2. Download file
3. Exit
Enter choice (1, 2 or 3): Enter hash to query: IPs for hash 123 : []

Choose an option:
1. Query hash
2. Download file
3. Exit
Enter choice (1, 2 or 3): Enter hash to query: IPs for hash 123 : []

Choose an option:
1. Query hash
2. Download file
3. Exit
Enter choice (1, 2 or 3): Enter hash to query: IPs for hash 123 : []

Choose an option:
1. Query hash
2. Download file
3. Exit
Enter choice (1, 2 or 3): Enter hash to query: IPs for hash 123 : []

Choose an option:
1. Query hash
2. Download file
3. Exit
Enter choice (1, 2 or 3): Enter hash to query: IPs for hash 123 : []

Choose an option:
1. Query hash
2. Download file
3. Exit
Enter choice (1, 2 or 3): Enter hash to query: IPs for hash 123 : []

Choose an option:
1. Query hash
2. Download file
3. Exit
Enter choice (1, 2 or 3): Enter hash to query: IPs for hash 123 : []

Choose an option:
1. Query hash
2. Download file
3. Exit
Enter choice (1, 2 or 3): Enter hash to query: IPs for hash 123 : []

Choose an option:
1. Query hash
2. Download file
3. Exit
Enter choice (1, 2 or 3): Exiting...
